  [4;36;1mSQL (0.2ms)[0m   [0;1m SELECT name
 FROM sqlite_master
 WHERE type = 'table' AND NOT name = 'sqlite_sequence'
[0m
  [4;35;1mSQL (0.1ms)[0m   [0mselect sqlite_version(*)[0m
  [4;36;1mSQL (180.8ms)[0m   [0;1mCREATE TABLE "schema_migrations" ("version" varchar(255) NOT NULL) [0m
  [4;35;1mSQL (0.1ms)[0m   [0mPRAGMA index_list("schema_migrations")[0m
  [4;36;1mSQL (144.4ms)[0m   [0;1mCREATE UNIQUE INDEX "unique_schema_migrations" ON "schema_migrations" ("version")[0m
  [4;35;1mSQL (0.1ms)[0m   [0m SELECT name
 FROM sqlite_master
 WHERE type = 'table' AND NOT name = 'sqlite_sequence'
[0m
  [4;36;1mSQL (0.1ms)[0m   [0;1m SELECT name
 FROM sqlite_master
 WHERE type = 'table' AND NOT name = 'sqlite_sequence'
[0m
  [4;35;1mSQL (0.1ms)[0m   [0mSELECT version FROM schema_migrations[0m
  [4;36;1mSQL (0.1ms)[0m   [0;1m SELECT name
 FROM sqlite_master
 WHERE type = 'table' AND NOT name = 'sqlite_sequence'
[0m


Processing Rails::InfoController#properties (for 127.0.0.1 at 2012-09-17 21:35:32) [GET]
  [4;36;1mSQL (0.6ms)[0m   [0;1m SELECT name
 FROM sqlite_master
 WHERE type = 'table' AND NOT name = 'sqlite_sequence'
[0m
  [4;35;1mSQL (0.1ms)[0m   [0mSELECT version FROM schema_migrations[0m
Completed in 51ms (View: 2, DB: 1) | 200 OK [http://localhost/rails/info/properties]


Processing StatusesController#index (for 127.0.0.1 at 2012-09-17 21:43:34) [GET]
  [4;36;1mStatus Load (0.0ms)[0m   [0;1mSQLite3::SQLException: no such table: statuses: SELECT * FROM "statuses" [0m

ActiveRecord::StatementInvalid (SQLite3::SQLException: no such table: statuses: SELECT * FROM "statuses" ):
  /usr/lib/ruby/vendor_ruby/active_record/connection_adapters/abstract_adapter.rb:227:in `log'
  /usr/lib/ruby/vendor_ruby/active_record/connection_adapters/sqlite_adapter.rb:172:in `execute'
  /usr/lib/ruby/vendor_ruby/active_record/connection_adapters/sqlite_adapter.rb:418:in `catch_schema_changes'
  /usr/lib/ruby/vendor_ruby/active_record/connection_adapters/sqlite_adapter.rb:172:in `execute'
  /usr/lib/ruby/vendor_ruby/active_record/connection_adapters/sqlite_adapter.rb:321:in `select'
  /usr/lib/ruby/vendor_ruby/active_record/connection_adapters/abstract/database_statements.rb:7:in `select_all_without_query_cache'
  /usr/lib/ruby/vendor_ruby/active_record/connection_adapters/abstract/query_cache.rb:60:in `select_all'
  /usr/lib/ruby/vendor_ruby/active_record/connection_adapters/abstract/query_cache.rb:81:in `cache_sql'
  /usr/lib/ruby/vendor_ruby/active_record/connection_adapters/abstract/query_cache.rb:60:in `select_all'
  /usr/lib/ruby/vendor_ruby/active_record/base.rb:665:in `find_by_sql'
  /usr/lib/ruby/vendor_ruby/active_record/base.rb:1582:in `find_every'
  /usr/lib/ruby/vendor_ruby/active_record/base.rb:619:in `find'
  /usr/lib/ruby/vendor_ruby/active_record/base.rb:639:in `all'
  app/controllers/statuses_controller.rb:5:in `index'
  /usr/lib/ruby/vendor_ruby/action_controller/base.rb:1333:in `send'
  /usr/lib/ruby/vendor_ruby/action_controller/base.rb:1333:in `perform_action_without_filters'
  /usr/lib/ruby/vendor_ruby/action_controller/filters.rb:617:in `call_filters'
  /usr/lib/ruby/vendor_ruby/action_controller/filters.rb:610:in `perform_action_without_benchmark'
  /usr/lib/ruby/vendor_ruby/action_controller/benchmarking.rb:68:in `perform_action_without_rescue'
  /usr/lib/ruby/vendor_ruby/action_controller/benchmarking.rb:68:in `perform_action_without_rescue'
  /usr/lib/ruby/vendor_ruby/action_controller/rescue.rb:160:in `perform_action_without_flash'
  /usr/lib/ruby/vendor_ruby/action_controller/flash.rb:151:in `perform_action'
  /usr/lib/ruby/vendor_ruby/action_controller/base.rb:532:in `send'
  /usr/lib/ruby/vendor_ruby/action_controller/base.rb:532:in `process_without_filters'
  /usr/lib/ruby/vendor_ruby/action_controller/filters.rb:606:in `process'
  /usr/lib/ruby/vendor_ruby/action_controller/base.rb:391:in `process'
  /usr/lib/ruby/vendor_ruby/action_controller/base.rb:386:in `call'
  /usr/lib/ruby/vendor_ruby/action_controller/routing/route_set.rb:438:in `call'
  /usr/lib/ruby/vendor_ruby/action_controller/dispatcher.rb:87:in `dispatch'
  /usr/lib/ruby/vendor_ruby/action_controller/dispatcher.rb:121:in `_call'
  /usr/lib/ruby/vendor_ruby/action_controller/dispatcher.rb:130:in `build_middleware_stack'
  /usr/lib/ruby/vendor_ruby/active_record/query_cache.rb:29:in `call'
  /usr/lib/ruby/vendor_ruby/active_record/query_cache.rb:29:in `call'
  /usr/lib/ruby/vendor_ruby/active_record/connection_adapters/abstract/query_cache.rb:34:in `cache'
  /usr/lib/ruby/vendor_ruby/active_record/query_cache.rb:9:in `cache'
  /usr/lib/ruby/vendor_ruby/active_record/query_cache.rb:28:in `call'
  /usr/lib/ruby/vendor_ruby/active_record/connection_adapters/abstract/connection_pool.rb:361:in `call'
  /usr/lib/ruby/vendor_ruby/action_controller/string_coercion.rb:25:in `call'
  /usr/lib/ruby/vendor_ruby/rack/head.rb:9:in `call'
  /usr/lib/ruby/vendor_ruby/rack/methodoverride.rb:24:in `call'
  /usr/lib/ruby/vendor_ruby/action_controller/params_parser.rb:15:in `call'
  /usr/lib/ruby/vendor_ruby/action_controller/session/cookie_store.rb:99:in `call'
  /usr/lib/ruby/vendor_ruby/action_controller/failsafe.rb:26:in `call'
  /usr/lib/ruby/vendor_ruby/rack/lock.rb:15:in `call'
  /usr/lib/ruby/vendor_ruby/action_controller/dispatcher.rb:114:in `call'
  /usr/lib/ruby/vendor_ruby/action_controller/reloader.rb:34:in `run'
  /usr/lib/ruby/vendor_ruby/action_controller/dispatcher.rb:108:in `call'
  /usr/lib/ruby/vendor_ruby/rails/rack/static.rb:31:in `call'
  /usr/lib/ruby/vendor_ruby/rack/urlmap.rb:52:in `call'
  /usr/lib/ruby/vendor_ruby/rack/urlmap.rb:46:in `each'
  /usr/lib/ruby/vendor_ruby/rack/urlmap.rb:46:in `call'
  /usr/lib/ruby/vendor_ruby/rails/rack/log_tailer.rb:17:in `call'
  /usr/lib/ruby/vendor_ruby/rack/handler/webrick.rb:59:in `service'
  /usr/lib/ruby/1.8/webrick/httpserver.rb:104:in `service'
  /usr/lib/ruby/1.8/webrick/httpserver.rb:65:in `run'
  /usr/lib/ruby/1.8/webrick/server.rb:173:in `start_thread'
  /usr/lib/ruby/1.8/webrick/server.rb:162:in `start'
  /usr/lib/ruby/1.8/webrick/server.rb:162:in `start_thread'
  /usr/lib/ruby/1.8/webrick/server.rb:95:in `start'
  /usr/lib/ruby/1.8/webrick/server.rb:92:in `each'
  /usr/lib/ruby/1.8/webrick/server.rb:92:in `start'
  /usr/lib/ruby/1.8/webrick/server.rb:23:in `start'
  /usr/lib/ruby/1.8/webrick/server.rb:82:in `start'
  /usr/lib/ruby/vendor_ruby/rack/handler/webrick.rb:13:in `run'

Rendered rescues/_trace (12.2ms)
Rendered rescues/_request_and_response (0.8ms)
Rendering rescues/layout (internal_server_error)


Processing Rails::InfoController#properties (for 127.0.0.1 at 2012-09-17 21:44:07) [GET]
  [4;35;1mSQL (0.2ms)[0m   [0m SELECT name
 FROM sqlite_master
 WHERE type = 'table' AND NOT name = 'sqlite_sequence'
[0m
  [4;36;1mSQL (0.1ms)[0m   [0;1mSELECT version FROM schema_migrations[0m
Completed in 13ms (View: 1, DB: 0) | 200 OK [http://localhost/rails/info/properties]


Processing ApplicationController#index (for 127.0.0.1 at 2012-09-17 21:44:24) [GET]

ActionController::RoutingError (No route matches "/status" with {:method=>:get}):
  /usr/lib/ruby/vendor_ruby/action_controller/routing/recognition_optimisation.rb:66:in `recognize_path'
  /usr/lib/ruby/vendor_ruby/action_controller/routing/route_set.rb:442:in `recognize'
  /usr/lib/ruby/vendor_ruby/action_controller/routing/route_set.rb:437:in `call'
  /usr/lib/ruby/vendor_ruby/action_controller/dispatcher.rb:87:in `dispatch'
  /usr/lib/ruby/vendor_ruby/action_controller/dispatcher.rb:121:in `_call'
  /usr/lib/ruby/vendor_ruby/action_controller/dispatcher.rb:130:in `build_middleware_stack'
  /usr/lib/ruby/vendor_ruby/active_record/query_cache.rb:29:in `call'
  /usr/lib/ruby/vendor_ruby/active_record/query_cache.rb:29:in `call'
  /usr/lib/ruby/vendor_ruby/active_record/connection_adapters/abstract/query_cache.rb:34:in `cache'
  /usr/lib/ruby/vendor_ruby/active_record/query_cache.rb:9:in `cache'
  /usr/lib/ruby/vendor_ruby/active_record/query_cache.rb:28:in `call'
  /usr/lib/ruby/vendor_ruby/active_record/connection_adapters/abstract/connection_pool.rb:361:in `call'
  /usr/lib/ruby/vendor_ruby/action_controller/string_coercion.rb:25:in `call'
  /usr/lib/ruby/vendor_ruby/rack/head.rb:9:in `call'
  /usr/lib/ruby/vendor_ruby/rack/methodoverride.rb:24:in `call'
  /usr/lib/ruby/vendor_ruby/action_controller/params_parser.rb:15:in `call'
  /usr/lib/ruby/vendor_ruby/action_controller/session/cookie_store.rb:99:in `call'
  /usr/lib/ruby/vendor_ruby/action_controller/failsafe.rb:26:in `call'
  /usr/lib/ruby/vendor_ruby/rack/lock.rb:15:in `call'
  /usr/lib/ruby/vendor_ruby/action_controller/dispatcher.rb:114:in `call'
  /usr/lib/ruby/vendor_ruby/action_controller/reloader.rb:34:in `run'
  /usr/lib/ruby/vendor_ruby/action_controller/dispatcher.rb:108:in `call'
  /usr/lib/ruby/vendor_ruby/rails/rack/static.rb:31:in `call'
  /usr/lib/ruby/vendor_ruby/rack/urlmap.rb:52:in `call'
  /usr/lib/ruby/vendor_ruby/rack/urlmap.rb:46:in `each'
  /usr/lib/ruby/vendor_ruby/rack/urlmap.rb:46:in `call'
  /usr/lib/ruby/vendor_ruby/rails/rack/log_tailer.rb:17:in `call'
  /usr/lib/ruby/vendor_ruby/rack/handler/webrick.rb:59:in `service'
  /usr/lib/ruby/1.8/webrick/httpserver.rb:104:in `service'
  /usr/lib/ruby/1.8/webrick/httpserver.rb:65:in `run'
  /usr/lib/ruby/1.8/webrick/server.rb:173:in `start_thread'
  /usr/lib/ruby/1.8/webrick/server.rb:162:in `start'
  /usr/lib/ruby/1.8/webrick/server.rb:162:in `start_thread'
  /usr/lib/ruby/1.8/webrick/server.rb:95:in `start'
  /usr/lib/ruby/1.8/webrick/server.rb:92:in `each'
  /usr/lib/ruby/1.8/webrick/server.rb:92:in `start'
  /usr/lib/ruby/1.8/webrick/server.rb:23:in `start'
  /usr/lib/ruby/1.8/webrick/server.rb:82:in `start'
  /usr/lib/ruby/vendor_ruby/rack/handler/webrick.rb:13:in `run'

Rendering rescues/layout (not_found)


Processing StatusesController#index (for 127.0.0.1 at 2012-09-17 21:44:27) [GET]
  [4;35;1mStatus Load (0.0ms)[0m   [0mSQLite3::SQLException: no such table: statuses: SELECT * FROM "statuses" [0m

ActiveRecord::StatementInvalid (SQLite3::SQLException: no such table: statuses: SELECT * FROM "statuses" ):
  /usr/lib/ruby/vendor_ruby/active_record/connection_adapters/abstract_adapter.rb:227:in `log'
  /usr/lib/ruby/vendor_ruby/active_record/connection_adapters/sqlite_adapter.rb:172:in `execute'
  /usr/lib/ruby/vendor_ruby/active_record/connection_adapters/sqlite_adapter.rb:418:in `catch_schema_changes'
  /usr/lib/ruby/vendor_ruby/active_record/connection_adapters/sqlite_adapter.rb:172:in `execute'
  /usr/lib/ruby/vendor_ruby/active_record/connection_adapters/sqlite_adapter.rb:321:in `select'
  /usr/lib/ruby/vendor_ruby/active_record/connection_adapters/abstract/database_statements.rb:7:in `select_all_without_query_cache'
  /usr/lib/ruby/vendor_ruby/active_record/connection_adapters/abstract/query_cache.rb:60:in `select_all'
  /usr/lib/ruby/vendor_ruby/active_record/connection_adapters/abstract/query_cache.rb:81:in `cache_sql'
  /usr/lib/ruby/vendor_ruby/active_record/connection_adapters/abstract/query_cache.rb:60:in `select_all'
  /usr/lib/ruby/vendor_ruby/active_record/base.rb:665:in `find_by_sql'
  /usr/lib/ruby/vendor_ruby/active_record/base.rb:1582:in `find_every'
  /usr/lib/ruby/vendor_ruby/active_record/base.rb:619:in `find'
  /usr/lib/ruby/vendor_ruby/active_record/base.rb:639:in `all'
  app/controllers/statuses_controller.rb:5:in `index'
  /usr/lib/ruby/vendor_ruby/action_controller/base.rb:1333:in `send'
  /usr/lib/ruby/vendor_ruby/action_controller/base.rb:1333:in `perform_action_without_filters'
  /usr/lib/ruby/vendor_ruby/action_controller/filters.rb:617:in `call_filters'
  /usr/lib/ruby/vendor_ruby/action_controller/filters.rb:610:in `perform_action_without_benchmark'
  /usr/lib/ruby/vendor_ruby/action_controller/benchmarking.rb:68:in `perform_action_without_rescue'
  /usr/lib/ruby/vendor_ruby/action_controller/benchmarking.rb:68:in `perform_action_without_rescue'
  /usr/lib/ruby/vendor_ruby/action_controller/rescue.rb:160:in `perform_action_without_flash'
  /usr/lib/ruby/vendor_ruby/action_controller/flash.rb:151:in `perform_action'
  /usr/lib/ruby/vendor_ruby/action_controller/base.rb:532:in `send'
  /usr/lib/ruby/vendor_ruby/action_controller/base.rb:532:in `process_without_filters'
  /usr/lib/ruby/vendor_ruby/action_controller/filters.rb:606:in `process'
  /usr/lib/ruby/vendor_ruby/action_controller/base.rb:391:in `process'
  /usr/lib/ruby/vendor_ruby/action_controller/base.rb:386:in `call'
  /usr/lib/ruby/vendor_ruby/action_controller/routing/route_set.rb:438:in `call'
  /usr/lib/ruby/vendor_ruby/action_controller/dispatcher.rb:87:in `dispatch'
  /usr/lib/ruby/vendor_ruby/action_controller/dispatcher.rb:121:in `_call'
  /usr/lib/ruby/vendor_ruby/action_controller/dispatcher.rb:130:in `build_middleware_stack'
  /usr/lib/ruby/vendor_ruby/active_record/query_cache.rb:29:in `call'
  /usr/lib/ruby/vendor_ruby/active_record/query_cache.rb:29:in `call'
  /usr/lib/ruby/vendor_ruby/active_record/connection_adapters/abstract/query_cache.rb:34:in `cache'
  /usr/lib/ruby/vendor_ruby/active_record/query_cache.rb:9:in `cache'
  /usr/lib/ruby/vendor_ruby/active_record/query_cache.rb:28:in `call'
  /usr/lib/ruby/vendor_ruby/active_record/connection_adapters/abstract/connection_pool.rb:361:in `call'
  /usr/lib/ruby/vendor_ruby/action_controller/string_coercion.rb:25:in `call'
  /usr/lib/ruby/vendor_ruby/rack/head.rb:9:in `call'
  /usr/lib/ruby/vendor_ruby/rack/methodoverride.rb:24:in `call'
  /usr/lib/ruby/vendor_ruby/action_controller/params_parser.rb:15:in `call'
  /usr/lib/ruby/vendor_ruby/action_controller/session/cookie_store.rb:99:in `call'
  /usr/lib/ruby/vendor_ruby/action_controller/failsafe.rb:26:in `call'
  /usr/lib/ruby/vendor_ruby/rack/lock.rb:15:in `call'
  /usr/lib/ruby/vendor_ruby/action_controller/dispatcher.rb:114:in `call'
  /usr/lib/ruby/vendor_ruby/action_controller/reloader.rb:34:in `run'
  /usr/lib/ruby/vendor_ruby/action_controller/dispatcher.rb:108:in `call'
  /usr/lib/ruby/vendor_ruby/rails/rack/static.rb:31:in `call'
  /usr/lib/ruby/vendor_ruby/rack/urlmap.rb:52:in `call'
  /usr/lib/ruby/vendor_ruby/rack/urlmap.rb:46:in `each'
  /usr/lib/ruby/vendor_ruby/rack/urlmap.rb:46:in `call'
  /usr/lib/ruby/vendor_ruby/rails/rack/log_tailer.rb:17:in `call'
  /usr/lib/ruby/vendor_ruby/rack/handler/webrick.rb:59:in `service'
  /usr/lib/ruby/1.8/webrick/httpserver.rb:104:in `service'
  /usr/lib/ruby/1.8/webrick/httpserver.rb:65:in `run'
  /usr/lib/ruby/1.8/webrick/server.rb:173:in `start_thread'
  /usr/lib/ruby/1.8/webrick/server.rb:162:in `start'
  /usr/lib/ruby/1.8/webrick/server.rb:162:in `start_thread'
  /usr/lib/ruby/1.8/webrick/server.rb:95:in `start'
  /usr/lib/ruby/1.8/webrick/server.rb:92:in `each'
  /usr/lib/ruby/1.8/webrick/server.rb:92:in `start'
  /usr/lib/ruby/1.8/webrick/server.rb:23:in `start'
  /usr/lib/ruby/1.8/webrick/server.rb:82:in `start'
  /usr/lib/ruby/vendor_ruby/rack/handler/webrick.rb:13:in `run'

Rendered rescues/_trace (47.9ms)
Rendered rescues/_request_and_response (0.2ms)
Rendering rescues/layout (internal_server_error)


Processing StatusesController#index (for 127.0.0.1 at 2012-09-17 21:44:48) [GET]
  [4;36;1mStatus Load (0.0ms)[0m   [0;1mSQLite3::SQLException: no such table: statuses: SELECT * FROM "statuses" [0m

ActiveRecord::StatementInvalid (SQLite3::SQLException: no such table: statuses: SELECT * FROM "statuses" ):
  /usr/lib/ruby/vendor_ruby/active_record/connection_adapters/abstract_adapter.rb:227:in `log'
  /usr/lib/ruby/vendor_ruby/active_record/connection_adapters/sqlite_adapter.rb:172:in `execute'
  /usr/lib/ruby/vendor_ruby/active_record/connection_adapters/sqlite_adapter.rb:418:in `catch_schema_changes'
  /usr/lib/ruby/vendor_ruby/active_record/connection_adapters/sqlite_adapter.rb:172:in `execute'
  /usr/lib/ruby/vendor_ruby/active_record/connection_adapters/sqlite_adapter.rb:321:in `select'
  /usr/lib/ruby/vendor_ruby/active_record/connection_adapters/abstract/database_statements.rb:7:in `select_all_without_query_cache'
  /usr/lib/ruby/vendor_ruby/active_record/connection_adapters/abstract/query_cache.rb:60:in `select_all'
  /usr/lib/ruby/vendor_ruby/active_record/connection_adapters/abstract/query_cache.rb:81:in `cache_sql'
  /usr/lib/ruby/vendor_ruby/active_record/connection_adapters/abstract/query_cache.rb:60:in `select_all'
  /usr/lib/ruby/vendor_ruby/active_record/base.rb:665:in `find_by_sql'
  /usr/lib/ruby/vendor_ruby/active_record/base.rb:1582:in `find_every'
  /usr/lib/ruby/vendor_ruby/active_record/base.rb:619:in `find'
  /usr/lib/ruby/vendor_ruby/active_record/base.rb:639:in `all'
  app/controllers/statuses_controller.rb:5:in `index'
  /usr/lib/ruby/vendor_ruby/action_controller/base.rb:1333:in `send'
  /usr/lib/ruby/vendor_ruby/action_controller/base.rb:1333:in `perform_action_without_filters'
  /usr/lib/ruby/vendor_ruby/action_controller/filters.rb:617:in `call_filters'
  /usr/lib/ruby/vendor_ruby/action_controller/filters.rb:610:in `perform_action_without_benchmark'
  /usr/lib/ruby/vendor_ruby/action_controller/benchmarking.rb:68:in `perform_action_without_rescue'
  /usr/lib/ruby/vendor_ruby/action_controller/benchmarking.rb:68:in `perform_action_without_rescue'
  /usr/lib/ruby/vendor_ruby/action_controller/rescue.rb:160:in `perform_action_without_flash'
  /usr/lib/ruby/vendor_ruby/action_controller/flash.rb:151:in `perform_action'
  /usr/lib/ruby/vendor_ruby/action_controller/base.rb:532:in `send'
  /usr/lib/ruby/vendor_ruby/action_controller/base.rb:532:in `process_without_filters'
  /usr/lib/ruby/vendor_ruby/action_controller/filters.rb:606:in `process'
  /usr/lib/ruby/vendor_ruby/action_controller/base.rb:391:in `process'
  /usr/lib/ruby/vendor_ruby/action_controller/base.rb:386:in `call'
  /usr/lib/ruby/vendor_ruby/action_controller/routing/route_set.rb:438:in `call'
  /usr/lib/ruby/vendor_ruby/action_controller/dispatcher.rb:87:in `dispatch'
  /usr/lib/ruby/vendor_ruby/action_controller/dispatcher.rb:121:in `_call'
  /usr/lib/ruby/vendor_ruby/action_controller/dispatcher.rb:130:in `build_middleware_stack'
  /usr/lib/ruby/vendor_ruby/active_record/query_cache.rb:29:in `call'
  /usr/lib/ruby/vendor_ruby/active_record/query_cache.rb:29:in `call'
  /usr/lib/ruby/vendor_ruby/active_record/connection_adapters/abstract/query_cache.rb:34:in `cache'
  /usr/lib/ruby/vendor_ruby/active_record/query_cache.rb:9:in `cache'
  /usr/lib/ruby/vendor_ruby/active_record/query_cache.rb:28:in `call'
  /usr/lib/ruby/vendor_ruby/active_record/connection_adapters/abstract/connection_pool.rb:361:in `call'
  /usr/lib/ruby/vendor_ruby/action_controller/string_coercion.rb:25:in `call'
  /usr/lib/ruby/vendor_ruby/rack/head.rb:9:in `call'
  /usr/lib/ruby/vendor_ruby/rack/methodoverride.rb:24:in `call'
  /usr/lib/ruby/vendor_ruby/action_controller/params_parser.rb:15:in `call'
  /usr/lib/ruby/vendor_ruby/action_controller/session/cookie_store.rb:99:in `call'
  /usr/lib/ruby/vendor_ruby/action_controller/failsafe.rb:26:in `call'
  /usr/lib/ruby/vendor_ruby/rack/lock.rb:15:in `call'
  /usr/lib/ruby/vendor_ruby/action_controller/dispatcher.rb:114:in `call'
  /usr/lib/ruby/vendor_ruby/action_controller/reloader.rb:34:in `run'
  /usr/lib/ruby/vendor_ruby/action_controller/dispatcher.rb:108:in `call'
  /usr/lib/ruby/vendor_ruby/rails/rack/static.rb:31:in `call'
  /usr/lib/ruby/vendor_ruby/rack/urlmap.rb:52:in `call'
  /usr/lib/ruby/vendor_ruby/rack/urlmap.rb:46:in `each'
  /usr/lib/ruby/vendor_ruby/rack/urlmap.rb:46:in `call'
  /usr/lib/ruby/vendor_ruby/rails/rack/log_tailer.rb:17:in `call'
  /usr/lib/ruby/vendor_ruby/rack/handler/webrick.rb:59:in `service'
  /usr/lib/ruby/1.8/webrick/httpserver.rb:104:in `service'
  /usr/lib/ruby/1.8/webrick/httpserver.rb:65:in `run'
  /usr/lib/ruby/1.8/webrick/server.rb:173:in `start_thread'
  /usr/lib/ruby/1.8/webrick/server.rb:162:in `start'
  /usr/lib/ruby/1.8/webrick/server.rb:162:in `start_thread'
  /usr/lib/ruby/1.8/webrick/server.rb:95:in `start'
  /usr/lib/ruby/1.8/webrick/server.rb:92:in `each'
  /usr/lib/ruby/1.8/webrick/server.rb:92:in `start'
  /usr/lib/ruby/1.8/webrick/server.rb:23:in `start'
  /usr/lib/ruby/1.8/webrick/server.rb:82:in `start'
  /usr/lib/ruby/vendor_ruby/rack/handler/webrick.rb:13:in `run'

Rendered rescues/_trace (11.2ms)
Rendered rescues/_request_and_response (0.2ms)
Rendering rescues/layout (internal_server_error)
  [4;36;1mSQL (0.2ms)[0m   [0;1m SELECT name
 FROM sqlite_master
 WHERE type = 'table' AND NOT name = 'sqlite_sequence'
[0m
  [4;35;1mSQL (0.1ms)[0m   [0mSELECT version FROM schema_migrations[0m
Migrating to CreateStatuses (20120918014031)
  [4;36;1mSQL (0.0ms)[0m   [0;1mselect sqlite_version(*)[0m
  [4;35;1mSQL (0.3ms)[0m   [0mCREATE TABLE "statuses" ("id" INTEGER PRIMARY KEY AUTOINCREMENT NOT NULL, "name" varchar(255), "content" text, "created_at" datetime, "updated_at" datetime) [0m
  [4;36;1mSQL (0.1ms)[0m   [0;1mINSERT INTO schema_migrations (version) VALUES ('20120918014031')[0m
  [4;35;1mSQL (0.3ms)[0m   [0m SELECT name
 FROM sqlite_master
 WHERE type = 'table' AND NOT name = 'sqlite_sequence'
[0m
  [4;36;1mSQL (0.2ms)[0m   [0;1mSELECT version FROM schema_migrations[0m
  [4;35;1mSQL (0.1ms)[0m   [0m SELECT name
 FROM sqlite_master
 WHERE type = 'table' AND NOT name = 'sqlite_sequence'
[0m
  [4;36;1mSQL (0.0ms)[0m   [0;1mPRAGMA index_list("statuses")[0m


Processing StatusesController#index (for 127.0.0.1 at 2012-09-17 21:45:14) [GET]
  [4;35;1mStatus Load (0.2ms)[0m   [0mSELECT * FROM "statuses" [0m
Rendering template within layouts/statuses
Rendering statuses/index
Completed in 10ms (View: 6, DB: 0) | 200 OK [http://localhost/statuses]


Processing StatusesController#new (for 127.0.0.1 at 2012-09-17 21:45:19) [GET]
Rendering template within layouts/statuses
Rendering statuses/new
Completed in 10ms (View: 8, DB: 0) | 200 OK [http://localhost/statuses/new]


Processing StatusesController#create (for 127.0.0.1 at 2012-09-17 21:45:33) [POST]
  Parameters: {"authenticity_token"=>"CQzMXE2xPYblAr379ZFszBHAYJgaW6DnDHtE238SwFw=", "commit"=>"Create", "status"=>{"name"=>"Corey Smith", "content"=>"Status Test"}}
  [4;36;1mStatus Create (0.2ms)[0m   [0;1mINSERT INTO "statuses" ("name", "content", "updated_at", "created_at") VALUES('Corey Smith', 'Status Test', '2012-09-18 01:45:33', '2012-09-18 01:45:33')[0m
Redirected to http://localhost:3000/statuses/1
Completed in 218ms (DB: 0) | 302 Found [http://localhost/statuses]


Processing StatusesController#show (for 127.0.0.1 at 2012-09-17 21:45:33) [GET]
  Parameters: {"id"=>"1"}
  [4;35;1mStatus Load (0.1ms)[0m   [0mSELECT * FROM "statuses" WHERE ("statuses"."id" = 1) [0m
Rendering template within layouts/statuses
Rendering statuses/show
Completed in 6ms (View: 3, DB: 0) | 200 OK [http://localhost/statuses/1]
